{"/Users/Aleksejs_Kanarciks/Documents/module02/fixtures/results.ts": {"path":"/Users/Aleksejs_Kanarciks/Documents/module02/fixtures/results.ts","statementMap":{"0":{"start":{"line":2,"column":13},"end":{"line":24,"column":2}}},"fnMap":{},"branchMap":{},"s":{"0":3},"f":{},"b":{}}
,"/Users/Aleksejs_Kanarciks/Documents/module02/src/Components/Details/Details.tsx": {"path":"/Users/Aleksejs_Kanarciks/Documents/module02/src/Components/Details/Details.tsx","statementMap":{"0":{"start":{"line":2,"column":0},"end":{"line":2,"column":29}},"1":{"start":{"line":9,"column":23},"end":{"line":24,"column":1}},"2":{"start":{"line":10,"column":2},"end":{"line":23,"column":4}},"3":{"start":{"line":9,"column":13},"end":{"line":9,"column":23}}},"fnMap":{"0":{"name":"(anonymous_0)","decl":{"start":{"line":9,"column":23},"end":{"line":9,"column":24}},"loc":{"start":{"line":9,"column":71},"end":{"line":24,"column":1}}}},"branchMap":{},"s":{"0":2,"1":2,"2":1,"3":2},"f":{"0":1},"b":{}}
,"/Users/Aleksejs_Kanarciks/Documents/module02/src/Components/Search/Search.tsx": {"path":"/Users/Aleksejs_Kanarciks/Documents/module02/src/Components/Search/Search.tsx","statementMap":{"0":{"start":{"line":1,"column":0},"end":{"line":1,"column":63}},"1":{"start":{"line":2,"column":0},"end":{"line":2,"column":21}},"2":{"start":{"line":3,"column":0},"end":{"line":3,"column":26}},"3":{"start":{"line":4,"column":0},"end":{"line":4,"column":79}},"4":{"start":{"line":5,"column":0},"end":{"line":5,"column":45}},"5":{"start":{"line":6,"column":0},"end":{"line":6,"column":54}},"6":{"start":{"line":7,"column":0},"end":{"line":7,"column":63}},"7":{"start":{"line":9,"column":16},"end":{"line":9,"column":49}},"8":{"start":{"line":17,"column":22},"end":{"line":279,"column":1}},"9":{"start":{"line":25,"column":6},"end":{"line":25,"column":28}},"10":{"start":{"line":26,"column":42},"end":{"line":26,"column":59}},"11":{"start":{"line":27,"column":36},"end":{"line":27,"column":50}},"12":{"start":{"line":28,"column":36},"end":{"line":28,"column":50}},"13":{"start":{"line":29,"column":40},"end":{"line":29,"column":55}},"14":{"start":{"line":30,"column":19},"end":{"line":30,"column":32}},"15":{"start":{"line":32,"column":21},"end":{"line":32,"column":45}},"16":{"start":{"line":33,"column":22},"end":{"line":33,"column":59}},"17":{"start":{"line":34,"column":18},"end":{"line":52,"column":3}},"18":{"start":{"line":35,"column":4},"end":{"line":35,"column":23}},"19":{"start":{"line":36,"column":4},"end":{"line":36,"column":25}},"20":{"start":{"line":37,"column":4},"end":{"line":51,"column":9}},"21":{"start":{"line":44,"column":8},"end":{"line":44,"column":39}},"22":{"start":{"line":45,"column":8},"end":{"line":45,"column":28}},"23":{"start":{"line":48,"column":8},"end":{"line":48,"column":25}},"24":{"start":{"line":49,"column":8},"end":{"line":49,"column":28}},"25":{"start":{"line":50,"column":8},"end":{"line":50,"column":20}},"26":{"start":{"line":54,"column":25},"end":{"line":67,"column":3}},"27":{"start":{"line":55,"column":4},"end":{"line":55,"column":23}},"28":{"start":{"line":56,"column":4},"end":{"line":56,"column":26}},"29":{"start":{"line":57,"column":4},"end":{"line":66,"column":9}},"30":{"start":{"line":60,"column":8},"end":{"line":60,"column":39}},"31":{"start":{"line":61,"column":8},"end":{"line":61,"column":28}},"32":{"start":{"line":64,"column":8},"end":{"line":64,"column":28}},"33":{"start":{"line":65,"column":8},"end":{"line":65,"column":20}},"34":{"start":{"line":69,"column":20},"end":{"line":77,"column":3}},"35":{"start":{"line":70,"column":4},"end":{"line":70,"column":52}},"36":{"start":{"line":71,"column":4},"end":{"line":71,"column":74}},"37":{"start":{"line":72,"column":4},"end":{"line":76,"column":7}},"38":{"start":{"line":79,"column":25},"end":{"line":95,"column":3}},"39":{"start":{"line":80,"column":4},"end":{"line":80,"column":23}},"40":{"start":{"line":81,"column":4},"end":{"line":94,"column":9}},"41":{"start":{"line":88,"column":8},"end":{"line":88,"column":40}},"42":{"start":{"line":89,"column":8},"end":{"line":89,"column":28}},"43":{"start":{"line":92,"column":8},"end":{"line":92,"column":28}},"44":{"start":{"line":93,"column":8},"end":{"line":93,"column":20}},"45":{"start":{"line":97,"column":23},"end":{"line":107,"column":3}},"46":{"start":{"line":98,"column":4},"end":{"line":98,"column":32}},"47":{"start":{"line":99,"column":4},"end":{"line":99,"column":18}},"48":{"start":{"line":100,"column":4},"end":{"line":100,"column":52}},"49":{"start":{"line":101,"column":4},"end":{"line":101,"column":64}},"50":{"start":{"line":102,"column":4},"end":{"line":106,"column":7}},"51":{"start":{"line":109,"column":21},"end":{"line":111,"column":3}},"52":{"start":{"line":110,"column":4},"end":{"line":110,"column":67}},"53":{"start":{"line":113,"column":2},"end":{"line":115,"column":9}},"54":{"start":{"line":114,"column":4},"end":{"line":114,"column":74}},"55":{"start":{"line":117,"column":29},"end":{"line":172,"column":3}},"56":{"start":{"line":124,"column":4},"end":{"line":126,"column":null}},"57":{"start":{"line":125,"column":6},"end":{"line":125,"column":18}},"58":{"start":{"line":128,"column":20},"end":{"line":135,"column":5}},"59":{"start":{"line":129,"column":6},"end":{"line":133,"column":9}},"60":{"start":{"line":134,"column":6},"end":{"line":134,"column":75}},"61":{"start":{"line":137,"column":4},"end":{"line":171,"column":6}},"62":{"start":{"line":140,"column":25},"end":{"line":140,"column":49}},"63":{"start":{"line":149,"column":10},"end":{"line":156,"column":null}},"64":{"start":{"line":150,"column":27},"end":{"line":150,"column":40}},"65":{"start":{"line":163,"column":25},"end":{"line":163,"column":49}},"66":{"start":{"line":174,"column":17},"end":{"line":262,"column":3}},"67":{"start":{"line":175,"column":4},"end":{"line":261,"column":6}},"68":{"start":{"line":180,"column":33},"end":{"line":180,"column":66}},"69":{"start":{"line":186,"column":27},"end":{"line":186,"column":38}},"70":{"start":{"line":193,"column":27},"end":{"line":193,"column":39}},"71":{"start":{"line":199,"column":35},"end":{"line":199,"column":67}},"72":{"start":{"line":202,"column":35},"end":{"line":202,"column":46}},"73":{"start":{"line":264,"column":2},"end":{"line":278,"column":4}},"74":{"start":{"line":272,"column":34},"end":{"line":272,"column":48}},"75":{"start":{"line":17,"column":13},"end":{"line":17,"column":22}}},"fnMap":{"0":{"name":"(anonymous_1)","decl":{"start":{"line":17,"column":22},"end":{"line":17,"column":25}},"loc":{"start":{"line":17,"column":27},"end":{"line":279,"column":1}}},"1":{"name":"(anonymous_2)","decl":{"start":{"line":34,"column":18},"end":{"line":34,"column":23}},"loc":{"start":{"line":34,"column":71},"end":{"line":52,"column":3}}},"2":{"name":"(anonymous_3)","decl":{"start":{"line":43,"column":12},"end":{"line":43,"column":13}},"loc":{"start":{"line":43,"column":25},"end":{"line":46,"column":7}}},"3":{"name":"(anonymous_4)","decl":{"start":{"line":47,"column":13},"end":{"line":47,"column":14}},"loc":{"start":{"line":47,"column":23},"end":{"line":51,"column":7}}},"4":{"name":"(anonymous_5)","decl":{"start":{"line":54,"column":25},"end":{"line":54,"column":30}},"loc":{"start":{"line":54,"column":36},"end":{"line":67,"column":3}}},"5":{"name":"(anonymous_6)","decl":{"start":{"line":59,"column":12},"end":{"line":59,"column":13}},"loc":{"start":{"line":59,"column":25},"end":{"line":62,"column":7}}},"6":{"name":"(anonymous_7)","decl":{"start":{"line":63,"column":13},"end":{"line":63,"column":14}},"loc":{"start":{"line":63,"column":23},"end":{"line":66,"column":7}}},"7":{"name":"(anonymous_8)","decl":{"start":{"line":69,"column":20},"end":{"line":69,"column":23}},"loc":{"start":{"line":69,"column":25},"end":{"line":77,"column":3}}},"8":{"name":"(anonymous_9)","decl":{"start":{"line":79,"column":25},"end":{"line":79,"column":30}},"loc":{"start":{"line":79,"column":46},"end":{"line":95,"column":3}}},"9":{"name":"(anonymous_10)","decl":{"start":{"line":87,"column":12},"end":{"line":87,"column":13}},"loc":{"start":{"line":87,"column":25},"end":{"line":90,"column":7}}},"10":{"name":"(anonymous_11)","decl":{"start":{"line":91,"column":13},"end":{"line":91,"column":14}},"loc":{"start":{"line":91,"column":23},"end":{"line":94,"column":7}}},"11":{"name":"(anonymous_12)","decl":{"start":{"line":97,"column":23},"end":{"line":97,"column":26}},"loc":{"start":{"line":97,"column":28},"end":{"line":107,"column":3}}},"12":{"name":"(anonymous_13)","decl":{"start":{"line":109,"column":21},"end":{"line":109,"column":24}},"loc":{"start":{"line":109,"column":26},"end":{"line":111,"column":3}}},"13":{"name":"(anonymous_14)","decl":{"start":{"line":113,"column":12},"end":{"line":113,"column":15}},"loc":{"start":{"line":113,"column":17},"end":{"line":115,"column":3}}},"14":{"name":"(anonymous_15)","decl":{"start":{"line":117,"column":29},"end":{"line":117,"column":30}},"loc":{"start":{"line":123,"column":7},"end":{"line":172,"column":3}}},"15":{"name":"(anonymous_16)","decl":{"start":{"line":128,"column":20},"end":{"line":128,"column":21}},"loc":{"start":{"line":128,"column":43},"end":{"line":135,"column":5}}},"16":{"name":"(anonymous_17)","decl":{"start":{"line":140,"column":19},"end":{"line":140,"column":22}},"loc":{"start":{"line":140,"column":25},"end":{"line":140,"column":49}}},"17":{"name":"(anonymous_18)","decl":{"start":{"line":148,"column":43},"end":{"line":148,"column":44}},"loc":{"start":{"line":149,"column":10},"end":{"line":156,"column":null}}},"18":{"name":"(anonymous_19)","decl":{"start":{"line":150,"column":21},"end":{"line":150,"column":24}},"loc":{"start":{"line":150,"column":27},"end":{"line":150,"column":40}}},"19":{"name":"(anonymous_20)","decl":{"start":{"line":163,"column":19},"end":{"line":163,"column":22}},"loc":{"start":{"line":163,"column":25},"end":{"line":163,"column":49}}},"20":{"name":"(anonymous_21)","decl":{"start":{"line":174,"column":17},"end":{"line":174,"column":20}},"loc":{"start":{"line":174,"column":22},"end":{"line":262,"column":3}}},"21":{"name":"(anonymous_22)","decl":{"start":{"line":180,"column":22},"end":{"line":180,"column":23}},"loc":{"start":{"line":180,"column":33},"end":{"line":180,"column":66}}},"22":{"name":"(anonymous_23)","decl":{"start":{"line":186,"column":21},"end":{"line":186,"column":24}},"loc":{"start":{"line":186,"column":27},"end":{"line":186,"column":38}}},"23":{"name":"(anonymous_24)","decl":{"start":{"line":193,"column":21},"end":{"line":193,"column":24}},"loc":{"start":{"line":193,"column":27},"end":{"line":193,"column":39}}},"24":{"name":"(anonymous_25)","decl":{"start":{"line":199,"column":24},"end":{"line":199,"column":25}},"loc":{"start":{"line":199,"column":35},"end":{"line":199,"column":67}}},"25":{"name":"(anonymous_26)","decl":{"start":{"line":202,"column":29},"end":{"line":202,"column":32}},"loc":{"start":{"line":202,"column":35},"end":{"line":202,"column":46}}},"26":{"name":"(anonymous_27)","decl":{"start":{"line":272,"column":28},"end":{"line":272,"column":31}},"loc":{"start":{"line":272,"column":34},"end":{"line":272,"column":48}}}},"branchMap":{"0":{"loc":{"start":{"line":33,"column":22},"end":{"line":33,"column":59}},"type":"binary-expr","locations":[{"start":{"line":33,"column":22},"end":{"line":33,"column":54}},{"start":{"line":33,"column":58},"end":{"line":33,"column":59}}]},"1":{"loc":{"start":{"line":34,"column":27},"end":{"line":34,"column":35}},"type":"default-arg","locations":[{"start":{"line":34,"column":34},"end":{"line":34,"column":35}}]},"2":{"loc":{"start":{"line":34,"column":37},"end":{"line":34,"column":46}},"type":"default-arg","locations":[{"start":{"line":34,"column":44},"end":{"line":34,"column":46}}]},"3":{"loc":{"start":{"line":40,"column":10},"end":{"line":40,"column":null}},"type":"cond-expr","locations":[{"start":{"line":40,"column":36},"end":{"line":40,"column":46}},{"start":{"line":40,"column":49},"end":{"line":40,"column":null}}]},"4":{"loc":{"start":{"line":84,"column":10},"end":{"line":84,"column":null}},"type":"cond-expr","locations":[{"start":{"line":84,"column":36},"end":{"line":84,"column":46}},{"start":{"line":84,"column":49},"end":{"line":84,"column":null}}]},"5":{"loc":{"start":{"line":124,"column":4},"end":{"line":126,"column":null}},"type":"if","locations":[{"start":{"line":124,"column":4},"end":{"line":126,"column":null}}]},"6":{"loc":{"start":{"line":124,"column":8},"end":{"line":124,"column":61}},"type":"binary-expr","locations":[{"start":{"line":124,"column":8},"end":{"line":124,"column":32}},{"start":{"line":124,"column":36},"end":{"line":124,"column":61}}]},"7":{"loc":{"start":{"line":152,"column":14},"end":{"line":154,"column":36}},"type":"cond-expr","locations":[{"start":{"line":153,"column":18},"end":{"line":153,"column":42}},{"start":{"line":154,"column":18},"end":{"line":154,"column":36}}]},"8":{"loc":{"start":{"line":254,"column":9},"end":{"line":258,"column":null}},"type":"binary-expr","locations":[{"start":{"line":254,"column":9},"end":{"line":254,"column":19}},{"start":{"line":255,"column":10},"end":{"line":257,"column":null}}]}},"s":{"0":1,"1":1,"2":1,"3":1,"4":1,"5":1,"6":1,"7":1,"8":1,"9":8,"10":8,"11":8,"12":8,"13":8,"14":8,"15":8,"16":8,"17":8,"18":4,"19":4,"20":4,"21":0,"22":0,"23":0,"24":0,"25":0,"26":8,"27":0,"28":0,"29":0,"30":0,"31":0,"32":0,"33":0,"34":8,"35":1,"36":1,"37":1,"38":8,"39":0,"40":0,"41":0,"42":0,"43":0,"44":0,"45":8,"46":0,"47":0,"48":0,"49":0,"50":0,"51":8,"52":0,"53":8,"54":3,"55":8,"56":0,"57":0,"58":0,"59":0,"60":0,"61":0,"62":0,"63":0,"64":0,"65":0,"66":8,"67":8,"68":1,"69":1,"70":0,"71":0,"72":0,"73":8,"74":0,"75":1},"f":{"0":8,"1":4,"2":0,"3":0,"4":0,"5":0,"6":0,"7":1,"8":0,"9":0,"10":0,"11":0,"12":0,"13":3,"14":0,"15":0,"16":0,"17":0,"18":0,"19":0,"20":8,"21":1,"22":1,"23":0,"24":0,"25":0,"26":0},"b":{"0":[8,0],"1":[0],"2":[0],"3":[4,0],"4":[0,0],"5":[0],"6":[0,0],"7":[0,0],"8":[8,0]}}
,"/Users/Aleksejs_Kanarciks/Documents/module02/src/Components/SearchResults/SearchResults.tsx": {"path":"/Users/Aleksejs_Kanarciks/Documents/module02/src/Components/SearchResults/SearchResults.tsx","statementMap":{"0":{"start":{"line":2,"column":0},"end":{"line":2,"column":55}},"1":{"start":{"line":4,"column":0},"end":{"line":4,"column":29}},"2":{"start":{"line":15,"column":29},"end":{"line":68,"column":1}},"3":{"start":{"line":23,"column":19},"end":{"line":23,"column":32}},"4":{"start":{"line":25,"column":2},"end":{"line":67,"column":4}},"5":{"start":{"line":29,"column":23},"end":{"line":29,"column":54}},"6":{"start":{"line":38,"column":12},"end":{"line":40,"column":null}},"7":{"start":{"line":43,"column":16},"end":{"line":46,"column":null}},"8":{"start":{"line":44,"column":18},"end":{"line":44,"column":51}},"9":{"start":{"line":45,"column":18},"end":{"line":45,"column":63}},"10":{"start":{"line":60,"column":12},"end":{"line":60,"column":null}},"11":{"start":{"line":15,"column":13},"end":{"line":15,"column":29}}},"fnMap":{"0":{"name":"(anonymous_0)","decl":{"start":{"line":15,"column":29},"end":{"line":15,"column":30}},"loc":{"start":{"line":22,"column":25},"end":{"line":68,"column":1}}},"1":{"name":"(anonymous_1)","decl":{"start":{"line":29,"column":17},"end":{"line":29,"column":20}},"loc":{"start":{"line":29,"column":23},"end":{"line":29,"column":54}}},"2":{"name":"(anonymous_2)","decl":{"start":{"line":37,"column":37},"end":{"line":37,"column":38}},"loc":{"start":{"line":38,"column":12},"end":{"line":40,"column":null}}},"3":{"name":"(anonymous_3)","decl":{"start":{"line":42,"column":23},"end":{"line":42,"column":26}},"loc":{"start":{"line":42,"column":28},"end":{"line":47,"column":15}}},"4":{"name":"(anonymous_4)","decl":{"start":{"line":59,"column":40},"end":{"line":59,"column":41}},"loc":{"start":{"line":60,"column":12},"end":{"line":60,"column":null}}}},"branchMap":{"0":{"loc":{"start":{"line":28,"column":19},"end":{"line":28,"column":70}},"type":"cond-expr","locations":[{"start":{"line":28,"column":35},"end":{"line":28,"column":55}},{"start":{"line":28,"column":58},"end":{"line":28,"column":70}}]},"1":{"loc":{"start":{"line":29,"column":23},"end":{"line":29,"column":54}},"type":"binary-expr","locations":[{"start":{"line":29,"column":23},"end":{"line":29,"column":36}},{"start":{"line":29,"column":40},"end":{"line":29,"column":54}}]},"2":{"loc":{"start":{"line":31,"column":9},"end":{"line":32,"column":null}},"type":"binary-expr","locations":[{"start":{"line":31,"column":9},"end":{"line":31,"column":18}},{"start":{"line":31,"column":22},"end":{"line":31,"column":35}},{"start":{"line":32,"column":10},"end":{"line":32,"column":58}}]},"3":{"loc":{"start":{"line":34,"column":9},"end":{"line":55,"column":12}},"type":"binary-expr","locations":[{"start":{"line":34,"column":9},"end":{"line":34,"column":19}},{"start":{"line":35,"column":10},"end":{"line":35,"column":22}},{"start":{"line":36,"column":10},"end":{"line":36,"column":21}},{"start":{"line":37,"column":10},"end":{"line":55,"column":12}}]},"4":{"loc":{"start":{"line":43,"column":16},"end":{"line":46,"column":null}},"type":"if","locations":[{"start":{"line":43,"column":16},"end":{"line":46,"column":null}}]},"5":{"loc":{"start":{"line":45,"column":34},"end":{"line":45,"column":49}},"type":"binary-expr","locations":[{"start":{"line":45,"column":34},"end":{"line":45,"column":42}},{"start":{"line":45,"column":46},"end":{"line":45,"column":49}}]},"6":{"loc":{"start":{"line":56,"column":9},"end":{"line":63,"column":12}},"type":"binary-expr","locations":[{"start":{"line":56,"column":9},"end":{"line":56,"column":19}},{"start":{"line":57,"column":10},"end":{"line":57,"column":22}},{"start":{"line":58,"column":10},"end":{"line":58,"column":22}},{"start":{"line":59,"column":10},"end":{"line":63,"column":12}}]},"7":{"loc":{"start":{"line":65,"column":7},"end":{"line":65,"column":31}},"type":"binary-expr","locations":[{"start":{"line":65,"column":7},"end":{"line":65,"column":17}},{"start":{"line":65,"column":21},"end":{"line":65,"column":31}}]}},"s":{"0":2,"1":2,"2":2,"3":11,"4":11,"5":1,"6":4,"7":1,"8":1,"9":1,"10":0,"11":2},"f":{"0":11,"1":1,"2":4,"3":1,"4":0},"b":{"0":[0,11],"1":[1,0],"2":[11,9,9],"3":[11,2,2,2],"4":[1],"5":[1,0],"6":[11,2,2,0],"7":[11,2]}}
,"/Users/Aleksejs_Kanarciks/Documents/module02/src/Context/AppContext.ts": {"path":"/Users/Aleksejs_Kanarciks/Documents/module02/src/Context/AppContext.ts","statementMap":{"0":{"start":{"line":1,"column":0},"end":{"line":1,"column":38}},"1":{"start":{"line":4,"column":13},"end":{"line":11,"column":2}},"2":{"start":{"line":13,"column":13},"end":{"line":13,"column":70}}},"fnMap":{"0":{"name":"(anonymous_0)","decl":{"start":{"line":6,"column":17},"end":{"line":6,"column":20}},"loc":{"start":{"line":6,"column":22},"end":{"line":6,"column":25}}},"1":{"name":"(anonymous_1)","decl":{"start":{"line":8,"column":19},"end":{"line":8,"column":22}},"loc":{"start":{"line":8,"column":24},"end":{"line":8,"column":27}}},"2":{"name":"(anonymous_2)","decl":{"start":{"line":10,"column":20},"end":{"line":10,"column":23}},"loc":{"start":{"line":10,"column":25},"end":{"line":10,"column":28}}}},"branchMap":{},"s":{"0":2,"1":2,"2":2},"f":{"0":2,"1":1,"2":1},"b":{}}
}
