{"E:\\module02\\fixtures\\results.ts": {"path":"E:\\module02\\fixtures\\results.ts","statementMap":{"0":{"start":{"line":2,"column":13},"end":{"line":24,"column":2}}},"fnMap":{},"branchMap":{},"s":{"0":4},"f":{},"b":{}}
,"E:\\module02\\src\\Components\\Details\\Details.tsx": {"path":"E:\\module02\\src\\Components\\Details\\Details.tsx","statementMap":{"0":{"start":{"line":2,"column":0},"end":{"line":2,"column":29}},"1":{"start":{"line":9,"column":23},"end":{"line":24,"column":1}},"2":{"start":{"line":10,"column":2},"end":{"line":23,"column":4}},"3":{"start":{"line":9,"column":13},"end":{"line":9,"column":23}}},"fnMap":{"0":{"name":"(anonymous_0)","decl":{"start":{"line":9,"column":23},"end":{"line":9,"column":24}},"loc":{"start":{"line":9,"column":71},"end":{"line":24,"column":1}}}},"branchMap":{},"s":{"0":2,"1":2,"2":1,"3":2},"f":{"0":1},"b":{}}
,"E:\\module02\\src\\Components\\Search\\Search.tsx": {"path":"E:\\module02\\src\\Components\\Search\\Search.tsx","statementMap":{"0":{"start":{"line":1,"column":0},"end":{"line":1,"column":63}},"1":{"start":{"line":2,"column":0},"end":{"line":2,"column":21}},"2":{"start":{"line":3,"column":0},"end":{"line":3,"column":26}},"3":{"start":{"line":4,"column":0},"end":{"line":4,"column":79}},"4":{"start":{"line":5,"column":0},"end":{"line":5,"column":45}},"5":{"start":{"line":6,"column":0},"end":{"line":6,"column":54}},"6":{"start":{"line":7,"column":0},"end":{"line":7,"column":63}},"7":{"start":{"line":8,"column":0},"end":{"line":8,"column":63}},"8":{"start":{"line":10,"column":16},"end":{"line":10,"column":49}},"9":{"start":{"line":18,"column":22},"end":{"line":212,"column":1}},"10":{"start":{"line":26,"column":6},"end":{"line":26,"column":28}},"11":{"start":{"line":27,"column":42},"end":{"line":27,"column":59}},"12":{"start":{"line":28,"column":36},"end":{"line":28,"column":50}},"13":{"start":{"line":29,"column":36},"end":{"line":29,"column":50}},"14":{"start":{"line":30,"column":40},"end":{"line":30,"column":55}},"15":{"start":{"line":31,"column":19},"end":{"line":31,"column":32}},"16":{"start":{"line":33,"column":21},"end":{"line":33,"column":45}},"17":{"start":{"line":34,"column":22},"end":{"line":34,"column":59}},"18":{"start":{"line":35,"column":18},"end":{"line":53,"column":3}},"19":{"start":{"line":36,"column":4},"end":{"line":36,"column":23}},"20":{"start":{"line":37,"column":4},"end":{"line":37,"column":25}},"21":{"start":{"line":38,"column":4},"end":{"line":52,"column":9}},"22":{"start":{"line":45,"column":8},"end":{"line":45,"column":39}},"23":{"start":{"line":46,"column":8},"end":{"line":46,"column":28}},"24":{"start":{"line":49,"column":8},"end":{"line":49,"column":25}},"25":{"start":{"line":50,"column":8},"end":{"line":50,"column":28}},"26":{"start":{"line":51,"column":8},"end":{"line":51,"column":20}},"27":{"start":{"line":55,"column":25},"end":{"line":68,"column":3}},"28":{"start":{"line":56,"column":4},"end":{"line":56,"column":23}},"29":{"start":{"line":57,"column":4},"end":{"line":57,"column":26}},"30":{"start":{"line":58,"column":4},"end":{"line":67,"column":9}},"31":{"start":{"line":61,"column":8},"end":{"line":61,"column":39}},"32":{"start":{"line":62,"column":8},"end":{"line":62,"column":28}},"33":{"start":{"line":65,"column":8},"end":{"line":65,"column":28}},"34":{"start":{"line":66,"column":8},"end":{"line":66,"column":20}},"35":{"start":{"line":70,"column":20},"end":{"line":78,"column":3}},"36":{"start":{"line":71,"column":4},"end":{"line":71,"column":52}},"37":{"start":{"line":72,"column":4},"end":{"line":72,"column":74}},"38":{"start":{"line":73,"column":4},"end":{"line":77,"column":7}},"39":{"start":{"line":80,"column":25},"end":{"line":96,"column":3}},"40":{"start":{"line":81,"column":4},"end":{"line":81,"column":23}},"41":{"start":{"line":82,"column":4},"end":{"line":95,"column":9}},"42":{"start":{"line":89,"column":8},"end":{"line":89,"column":40}},"43":{"start":{"line":90,"column":8},"end":{"line":90,"column":28}},"44":{"start":{"line":93,"column":8},"end":{"line":93,"column":28}},"45":{"start":{"line":94,"column":8},"end":{"line":94,"column":20}},"46":{"start":{"line":98,"column":23},"end":{"line":108,"column":3}},"47":{"start":{"line":99,"column":4},"end":{"line":99,"column":32}},"48":{"start":{"line":100,"column":4},"end":{"line":100,"column":18}},"49":{"start":{"line":101,"column":4},"end":{"line":101,"column":52}},"50":{"start":{"line":102,"column":4},"end":{"line":102,"column":64}},"51":{"start":{"line":103,"column":4},"end":{"line":107,"column":7}},"52":{"start":{"line":110,"column":2},"end":{"line":112,"column":9}},"53":{"start":{"line":111,"column":4},"end":{"line":111,"column":74}},"54":{"start":{"line":114,"column":29},"end":{"line":169,"column":3}},"55":{"start":{"line":121,"column":4},"end":{"line":123,"column":null}},"56":{"start":{"line":122,"column":6},"end":{"line":122,"column":18}},"57":{"start":{"line":125,"column":20},"end":{"line":132,"column":5}},"58":{"start":{"line":126,"column":6},"end":{"line":130,"column":9}},"59":{"start":{"line":131,"column":6},"end":{"line":131,"column":75}},"60":{"start":{"line":134,"column":4},"end":{"line":168,"column":6}},"61":{"start":{"line":137,"column":25},"end":{"line":137,"column":49}},"62":{"start":{"line":146,"column":10},"end":{"line":153,"column":null}},"63":{"start":{"line":147,"column":27},"end":{"line":147,"column":40}},"64":{"start":{"line":160,"column":25},"end":{"line":160,"column":49}},"65":{"start":{"line":171,"column":2},"end":{"line":211,"column":4}},"66":{"start":{"line":180,"column":37},"end":{"line":180,"column":56}},"67":{"start":{"line":181,"column":38},"end":{"line":181,"column":58}},"68":{"start":{"line":205,"column":34},"end":{"line":205,"column":48}},"69":{"start":{"line":18,"column":13},"end":{"line":18,"column":22}}},"fnMap":{"0":{"name":"(anonymous_1)","decl":{"start":{"line":18,"column":22},"end":{"line":18,"column":25}},"loc":{"start":{"line":18,"column":27},"end":{"line":212,"column":1}}},"1":{"name":"(anonymous_2)","decl":{"start":{"line":35,"column":18},"end":{"line":35,"column":23}},"loc":{"start":{"line":35,"column":71},"end":{"line":53,"column":3}}},"2":{"name":"(anonymous_3)","decl":{"start":{"line":44,"column":12},"end":{"line":44,"column":13}},"loc":{"start":{"line":44,"column":25},"end":{"line":47,"column":7}}},"3":{"name":"(anonymous_4)","decl":{"start":{"line":48,"column":13},"end":{"line":48,"column":14}},"loc":{"start":{"line":48,"column":23},"end":{"line":52,"column":7}}},"4":{"name":"(anonymous_5)","decl":{"start":{"line":55,"column":25},"end":{"line":55,"column":30}},"loc":{"start":{"line":55,"column":36},"end":{"line":68,"column":3}}},"5":{"name":"(anonymous_6)","decl":{"start":{"line":60,"column":12},"end":{"line":60,"column":13}},"loc":{"start":{"line":60,"column":25},"end":{"line":63,"column":7}}},"6":{"name":"(anonymous_7)","decl":{"start":{"line":64,"column":13},"end":{"line":64,"column":14}},"loc":{"start":{"line":64,"column":23},"end":{"line":67,"column":7}}},"7":{"name":"(anonymous_8)","decl":{"start":{"line":70,"column":20},"end":{"line":70,"column":23}},"loc":{"start":{"line":70,"column":25},"end":{"line":78,"column":3}}},"8":{"name":"(anonymous_9)","decl":{"start":{"line":80,"column":25},"end":{"line":80,"column":30}},"loc":{"start":{"line":80,"column":46},"end":{"line":96,"column":3}}},"9":{"name":"(anonymous_10)","decl":{"start":{"line":88,"column":12},"end":{"line":88,"column":13}},"loc":{"start":{"line":88,"column":25},"end":{"line":91,"column":7}}},"10":{"name":"(anonymous_11)","decl":{"start":{"line":92,"column":13},"end":{"line":92,"column":14}},"loc":{"start":{"line":92,"column":23},"end":{"line":95,"column":7}}},"11":{"name":"(anonymous_12)","decl":{"start":{"line":98,"column":23},"end":{"line":98,"column":26}},"loc":{"start":{"line":98,"column":28},"end":{"line":108,"column":3}}},"12":{"name":"(anonymous_13)","decl":{"start":{"line":110,"column":12},"end":{"line":110,"column":15}},"loc":{"start":{"line":110,"column":17},"end":{"line":112,"column":3}}},"13":{"name":"(anonymous_14)","decl":{"start":{"line":114,"column":29},"end":{"line":114,"column":30}},"loc":{"start":{"line":120,"column":7},"end":{"line":169,"column":3}}},"14":{"name":"(anonymous_15)","decl":{"start":{"line":125,"column":20},"end":{"line":125,"column":21}},"loc":{"start":{"line":125,"column":43},"end":{"line":132,"column":5}}},"15":{"name":"(anonymous_16)","decl":{"start":{"line":137,"column":19},"end":{"line":137,"column":22}},"loc":{"start":{"line":137,"column":25},"end":{"line":137,"column":49}}},"16":{"name":"(anonymous_17)","decl":{"start":{"line":145,"column":43},"end":{"line":145,"column":44}},"loc":{"start":{"line":146,"column":10},"end":{"line":153,"column":null}}},"17":{"name":"(anonymous_18)","decl":{"start":{"line":147,"column":21},"end":{"line":147,"column":24}},"loc":{"start":{"line":147,"column":27},"end":{"line":147,"column":40}}},"18":{"name":"(anonymous_19)","decl":{"start":{"line":160,"column":19},"end":{"line":160,"column":22}},"loc":{"start":{"line":160,"column":25},"end":{"line":160,"column":49}}},"19":{"name":"(anonymous_20)","decl":{"start":{"line":180,"column":26},"end":{"line":180,"column":27}},"loc":{"start":{"line":180,"column":37},"end":{"line":180,"column":56}}},"20":{"name":"(anonymous_21)","decl":{"start":{"line":181,"column":27},"end":{"line":181,"column":28}},"loc":{"start":{"line":181,"column":38},"end":{"line":181,"column":58}}},"21":{"name":"(anonymous_22)","decl":{"start":{"line":205,"column":28},"end":{"line":205,"column":31}},"loc":{"start":{"line":205,"column":34},"end":{"line":205,"column":48}}}},"branchMap":{"0":{"loc":{"start":{"line":34,"column":22},"end":{"line":34,"column":59}},"type":"binary-expr","locations":[{"start":{"line":34,"column":22},"end":{"line":34,"column":54}},{"start":{"line":34,"column":58},"end":{"line":34,"column":59}}]},"1":{"loc":{"start":{"line":35,"column":27},"end":{"line":35,"column":35}},"type":"default-arg","locations":[{"start":{"line":35,"column":34},"end":{"line":35,"column":35}}]},"2":{"loc":{"start":{"line":35,"column":37},"end":{"line":35,"column":46}},"type":"default-arg","locations":[{"start":{"line":35,"column":44},"end":{"line":35,"column":46}}]},"3":{"loc":{"start":{"line":41,"column":10},"end":{"line":41,"column":null}},"type":"cond-expr","locations":[{"start":{"line":41,"column":36},"end":{"line":41,"column":46}},{"start":{"line":41,"column":49},"end":{"line":41,"column":null}}]},"4":{"loc":{"start":{"line":85,"column":10},"end":{"line":85,"column":null}},"type":"cond-expr","locations":[{"start":{"line":85,"column":36},"end":{"line":85,"column":46}},{"start":{"line":85,"column":49},"end":{"line":85,"column":null}}]},"5":{"loc":{"start":{"line":121,"column":4},"end":{"line":123,"column":null}},"type":"if","locations":[{"start":{"line":121,"column":4},"end":{"line":123,"column":null}}]},"6":{"loc":{"start":{"line":121,"column":8},"end":{"line":121,"column":61}},"type":"binary-expr","locations":[{"start":{"line":121,"column":8},"end":{"line":121,"column":32}},{"start":{"line":121,"column":36},"end":{"line":121,"column":61}}]},"7":{"loc":{"start":{"line":149,"column":14},"end":{"line":151,"column":36}},"type":"cond-expr","locations":[{"start":{"line":150,"column":18},"end":{"line":150,"column":42}},{"start":{"line":151,"column":18},"end":{"line":151,"column":36}}]},"8":{"loc":{"start":{"line":191,"column":13},"end":{"line":195,"column":null}},"type":"binary-expr","locations":[{"start":{"line":191,"column":13},"end":{"line":191,"column":23}},{"start":{"line":192,"column":14},"end":{"line":194,"column":null}}]}},"s":{"0":1,"1":1,"2":1,"3":1,"4":1,"5":1,"6":1,"7":1,"8":1,"9":1,"10":12,"11":11,"12":11,"13":11,"14":11,"15":11,"16":11,"17":11,"18":11,"19":6,"20":6,"21":6,"22":6,"23":6,"24":0,"25":0,"26":0,"27":11,"28":0,"29":0,"30":0,"31":0,"32":0,"33":0,"34":0,"35":11,"36":2,"37":2,"38":2,"39":11,"40":0,"41":0,"42":0,"43":0,"44":0,"45":0,"46":11,"47":0,"48":0,"49":0,"50":0,"51":0,"52":11,"53":4,"54":11,"55":0,"56":0,"57":0,"58":0,"59":0,"60":0,"61":0,"62":0,"63":0,"64":0,"65":11,"66":0,"67":2,"68":0,"69":1},"f":{"0":12,"1":6,"2":6,"3":0,"4":0,"5":0,"6":0,"7":2,"8":0,"9":0,"10":0,"11":0,"12":4,"13":0,"14":0,"15":0,"16":0,"17":0,"18":0,"19":0,"20":2,"21":0},"b":{"0":[11,0],"1":[0],"2":[0],"3":[6,0],"4":[0,0],"5":[0],"6":[0,0],"7":[0,0],"8":[11,0]}}
,"E:\\module02\\src\\Components\\SearchResults\\SearchResults.tsx": {"path":"E:\\module02\\src\\Components\\SearchResults\\SearchResults.tsx","statementMap":{"0":{"start":{"line":2,"column":0},"end":{"line":2,"column":55}},"1":{"start":{"line":4,"column":0},"end":{"line":4,"column":29}},"2":{"start":{"line":15,"column":29},"end":{"line":68,"column":1}},"3":{"start":{"line":23,"column":19},"end":{"line":23,"column":32}},"4":{"start":{"line":25,"column":2},"end":{"line":67,"column":4}},"5":{"start":{"line":29,"column":23},"end":{"line":29,"column":54}},"6":{"start":{"line":38,"column":12},"end":{"line":40,"column":null}},"7":{"start":{"line":43,"column":16},"end":{"line":46,"column":null}},"8":{"start":{"line":44,"column":18},"end":{"line":44,"column":51}},"9":{"start":{"line":45,"column":18},"end":{"line":45,"column":63}},"10":{"start":{"line":60,"column":12},"end":{"line":60,"column":null}},"11":{"start":{"line":15,"column":13},"end":{"line":15,"column":29}}},"fnMap":{"0":{"name":"(anonymous_0)","decl":{"start":{"line":15,"column":29},"end":{"line":15,"column":30}},"loc":{"start":{"line":22,"column":25},"end":{"line":68,"column":1}}},"1":{"name":"(anonymous_1)","decl":{"start":{"line":29,"column":17},"end":{"line":29,"column":20}},"loc":{"start":{"line":29,"column":23},"end":{"line":29,"column":54}}},"2":{"name":"(anonymous_2)","decl":{"start":{"line":37,"column":37},"end":{"line":37,"column":38}},"loc":{"start":{"line":38,"column":12},"end":{"line":40,"column":null}}},"3":{"name":"(anonymous_3)","decl":{"start":{"line":42,"column":23},"end":{"line":42,"column":26}},"loc":{"start":{"line":42,"column":28},"end":{"line":47,"column":15}}},"4":{"name":"(anonymous_4)","decl":{"start":{"line":59,"column":40},"end":{"line":59,"column":41}},"loc":{"start":{"line":60,"column":12},"end":{"line":60,"column":null}}}},"branchMap":{"0":{"loc":{"start":{"line":28,"column":19},"end":{"line":28,"column":70}},"type":"cond-expr","locations":[{"start":{"line":28,"column":35},"end":{"line":28,"column":55}},{"start":{"line":28,"column":58},"end":{"line":28,"column":70}}]},"1":{"loc":{"start":{"line":29,"column":23},"end":{"line":29,"column":54}},"type":"binary-expr","locations":[{"start":{"line":29,"column":23},"end":{"line":29,"column":36}},{"start":{"line":29,"column":40},"end":{"line":29,"column":54}}]},"2":{"loc":{"start":{"line":31,"column":9},"end":{"line":32,"column":null}},"type":"binary-expr","locations":[{"start":{"line":31,"column":9},"end":{"line":31,"column":18}},{"start":{"line":31,"column":22},"end":{"line":31,"column":35}},{"start":{"line":32,"column":10},"end":{"line":32,"column":58}}]},"3":{"loc":{"start":{"line":34,"column":9},"end":{"line":55,"column":12}},"type":"binary-expr","locations":[{"start":{"line":34,"column":9},"end":{"line":34,"column":19}},{"start":{"line":35,"column":10},"end":{"line":35,"column":22}},{"start":{"line":36,"column":10},"end":{"line":36,"column":21}},{"start":{"line":37,"column":10},"end":{"line":55,"column":12}}]},"4":{"loc":{"start":{"line":43,"column":16},"end":{"line":46,"column":null}},"type":"if","locations":[{"start":{"line":43,"column":16},"end":{"line":46,"column":null}}]},"5":{"loc":{"start":{"line":45,"column":34},"end":{"line":45,"column":49}},"type":"binary-expr","locations":[{"start":{"line":45,"column":34},"end":{"line":45,"column":42}},{"start":{"line":45,"column":46},"end":{"line":45,"column":49}}]},"6":{"loc":{"start":{"line":56,"column":9},"end":{"line":63,"column":12}},"type":"binary-expr","locations":[{"start":{"line":56,"column":9},"end":{"line":56,"column":19}},{"start":{"line":57,"column":10},"end":{"line":57,"column":22}},{"start":{"line":58,"column":10},"end":{"line":58,"column":22}},{"start":{"line":59,"column":10},"end":{"line":63,"column":12}}]},"7":{"loc":{"start":{"line":65,"column":7},"end":{"line":65,"column":31}},"type":"binary-expr","locations":[{"start":{"line":65,"column":7},"end":{"line":65,"column":17}},{"start":{"line":65,"column":21},"end":{"line":65,"column":31}}]}},"s":{"0":2,"1":2,"2":2,"3":14,"4":14,"5":1,"6":4,"7":1,"8":1,"9":1,"10":0,"11":2},"f":{"0":14,"1":1,"2":4,"3":1,"4":0},"b":{"0":[0,14],"1":[1,0],"2":[14,12,12],"3":[14,2,2,2],"4":[1],"5":[1,0],"6":[14,2,2,0],"7":[14,2]}}
,"E:\\module02\\src\\Components\\SearchWrapper\\SearchWrapper.tsx": {"path":"E:\\module02\\src\\Components\\SearchWrapper\\SearchWrapper.tsx","statementMap":{"0":{"start":{"line":2,"column":0},"end":{"line":2,"column":29}},"1":{"start":{"line":13,"column":19},"end":{"line":15,"column":1}},"2":{"start":{"line":14,"column":2},"end":{"line":14,"column":65}},"3":{"start":{"line":17,"column":29},"end":{"line":60,"column":1}},"4":{"start":{"line":25,"column":2},"end":{"line":59,"column":4}},"5":{"start":{"line":31,"column":12},"end":{"line":31,"column":68}},"6":{"start":{"line":38,"column":25},"end":{"line":38,"column":36}},"7":{"start":{"line":45,"column":25},"end":{"line":45,"column":37}},"8":{"start":{"line":51,"column":33},"end":{"line":51,"column":66}},"9":{"start":{"line":54,"column":33},"end":{"line":54,"column":44}},"10":{"start":{"line":17,"column":13},"end":{"line":17,"column":29}}},"fnMap":{"0":{"name":"(anonymous_0)","decl":{"start":{"line":13,"column":19},"end":{"line":13,"column":22}},"loc":{"start":{"line":13,"column":24},"end":{"line":15,"column":1}}},"1":{"name":"(anonymous_1)","decl":{"start":{"line":17,"column":29},"end":{"line":17,"column":30}},"loc":{"start":{"line":24,"column":25},"end":{"line":60,"column":1}}},"2":{"name":"(anonymous_2)","decl":{"start":{"line":30,"column":20},"end":{"line":30,"column":21}},"loc":{"start":{"line":31,"column":12},"end":{"line":31,"column":68}}},"3":{"name":"(anonymous_3)","decl":{"start":{"line":38,"column":19},"end":{"line":38,"column":22}},"loc":{"start":{"line":38,"column":25},"end":{"line":38,"column":36}}},"4":{"name":"(anonymous_4)","decl":{"start":{"line":45,"column":19},"end":{"line":45,"column":22}},"loc":{"start":{"line":45,"column":25},"end":{"line":45,"column":37}}},"5":{"name":"(anonymous_5)","decl":{"start":{"line":51,"column":22},"end":{"line":51,"column":23}},"loc":{"start":{"line":51,"column":33},"end":{"line":51,"column":66}}},"6":{"name":"(anonymous_6)","decl":{"start":{"line":54,"column":27},"end":{"line":54,"column":30}},"loc":{"start":{"line":54,"column":33},"end":{"line":54,"column":44}}}},"branchMap":{"0":{"loc":{"start":{"line":31,"column":12},"end":{"line":31,"column":68}},"type":"cond-expr","locations":[{"start":{"line":31,"column":28},"end":{"line":31,"column":61}},{"start":{"line":31,"column":64},"end":{"line":31,"column":68}}]}},"s":{"0":2,"1":2,"2":1,"3":2,"4":18,"5":3,"6":2,"7":1,"8":0,"9":0,"10":2},"f":{"0":1,"1":18,"2":3,"3":2,"4":1,"5":0,"6":0},"b":{"0":[3,0]}}
,"E:\\module02\\src\\Context\\AppContext.ts": {"path":"E:\\module02\\src\\Context\\AppContext.ts","statementMap":{"0":{"start":{"line":1,"column":0},"end":{"line":1,"column":38}},"1":{"start":{"line":4,"column":13},"end":{"line":11,"column":2}},"2":{"start":{"line":13,"column":13},"end":{"line":13,"column":70}}},"fnMap":{"0":{"name":"(anonymous_0)","decl":{"start":{"line":6,"column":17},"end":{"line":6,"column":20}},"loc":{"start":{"line":6,"column":22},"end":{"line":6,"column":25}}},"1":{"name":"(anonymous_1)","decl":{"start":{"line":8,"column":19},"end":{"line":8,"column":22}},"loc":{"start":{"line":8,"column":24},"end":{"line":8,"column":27}}},"2":{"name":"(anonymous_2)","decl":{"start":{"line":10,"column":20},"end":{"line":10,"column":23}},"loc":{"start":{"line":10,"column":25},"end":{"line":10,"column":28}}}},"branchMap":{},"s":{"0":2,"1":2,"2":2},"f":{"0":3,"1":7,"2":1},"b":{}}
}
