TN:
SF:fixtures/results.ts
FNF:0
FNH:0
DA:2,3
LF:1
LH:1
BRF:0
BRH:0
end_of_record
TN:
SF:src/Components/Details/Details.tsx
FN:9,(anonymous_0)
FNF:1
FNH:1
FNDA:1,(anonymous_0)
DA:2,2
DA:9,2
DA:10,1
LF:3
LH:3
BRF:0
BRH:0
end_of_record
TN:
SF:src/Components/Search/Search.tsx
FN:17,(anonymous_1)
FN:34,(anonymous_2)
FN:43,(anonymous_3)
FN:47,(anonymous_4)
FN:54,(anonymous_5)
FN:59,(anonymous_6)
FN:63,(anonymous_7)
FN:69,(anonymous_8)
FN:79,(anonymous_9)
FN:87,(anonymous_10)
FN:91,(anonymous_11)
FN:97,(anonymous_12)
FN:109,(anonymous_13)
FN:113,(anonymous_14)
FN:117,(anonymous_15)
FN:128,(anonymous_16)
FN:140,(anonymous_17)
FN:148,(anonymous_18)
FN:150,(anonymous_19)
FN:163,(anonymous_20)
FN:174,(anonymous_21)
FN:180,(anonymous_22)
FN:186,(anonymous_23)
FN:193,(anonymous_24)
FN:199,(anonymous_25)
FN:202,(anonymous_26)
FN:272,(anonymous_27)
FNF:27
FNH:7
FNDA:8,(anonymous_1)
FNDA:4,(anonymous_2)
FNDA:0,(anonymous_3)
FNDA:0,(anonymous_4)
FNDA:0,(anonymous_5)
FNDA:0,(anonymous_6)
FNDA:0,(anonymous_7)
FNDA:1,(anonymous_8)
FNDA:0,(anonymous_9)
FNDA:0,(anonymous_10)
FNDA:0,(anonymous_11)
FNDA:0,(anonymous_12)
FNDA:0,(anonymous_13)
FNDA:3,(anonymous_14)
FNDA:0,(anonymous_15)
FNDA:0,(anonymous_16)
FNDA:0,(anonymous_17)
FNDA:0,(anonymous_18)
FNDA:0,(anonymous_19)
FNDA:0,(anonymous_20)
FNDA:8,(anonymous_21)
FNDA:1,(anonymous_22)
FNDA:1,(anonymous_23)
FNDA:0,(anonymous_24)
FNDA:0,(anonymous_25)
FNDA:0,(anonymous_26)
FNDA:0,(anonymous_27)
DA:1,1
DA:2,1
DA:3,1
DA:4,1
DA:5,1
DA:6,1
DA:7,1
DA:9,1
DA:17,1
DA:25,8
DA:26,8
DA:27,8
DA:28,8
DA:29,8
DA:30,8
DA:32,8
DA:33,8
DA:34,8
DA:35,4
DA:36,4
DA:37,4
DA:44,0
DA:45,0
DA:48,0
DA:49,0
DA:50,0
DA:54,8
DA:55,0
DA:56,0
DA:57,0
DA:60,0
DA:61,0
DA:64,0
DA:65,0
DA:69,8
DA:70,1
DA:71,1
DA:72,1
DA:79,8
DA:80,0
DA:81,0
DA:88,0
DA:89,0
DA:92,0
DA:93,0
DA:97,8
DA:98,0
DA:99,0
DA:100,0
DA:101,0
DA:102,0
DA:109,8
DA:110,0
DA:113,8
DA:114,3
DA:117,8
DA:124,0
DA:125,0
DA:128,0
DA:129,0
DA:134,0
DA:137,0
DA:140,0
DA:149,0
DA:150,0
DA:163,0
DA:174,8
DA:175,8
DA:180,1
DA:186,1
DA:193,0
DA:199,0
DA:202,0
DA:264,8
DA:272,0
LF:75
LH:37
BRDA:33,0,0,8
BRDA:33,0,1,0
BRDA:34,1,0,0
BRDA:34,2,0,0
BRDA:40,3,0,4
BRDA:40,3,1,0
BRDA:84,4,0,0
BRDA:84,4,1,0
BRDA:124,5,0,0
BRDA:124,6,0,0
BRDA:124,6,1,0
BRDA:152,7,0,0
BRDA:152,7,1,0
BRDA:254,8,0,8
BRDA:254,8,1,0
BRF:15
BRH:3
end_of_record
TN:
SF:src/Components/SearchResults/SearchResults.tsx
FN:15,(anonymous_0)
FN:29,(anonymous_1)
FN:37,(anonymous_2)
FN:42,(anonymous_3)
FN:59,(anonymous_4)
FNF:5
FNH:4
FNDA:11,(anonymous_0)
FNDA:1,(anonymous_1)
FNDA:4,(anonymous_2)
FNDA:1,(anonymous_3)
FNDA:0,(anonymous_4)
DA:2,2
DA:4,2
DA:15,2
DA:23,11
DA:25,11
DA:29,1
DA:38,4
DA:43,1
DA:44,1
DA:45,1
DA:60,0
LF:11
LH:10
BRDA:28,0,0,0
BRDA:28,0,1,11
BRDA:29,1,0,1
BRDA:29,1,1,0
BRDA:31,2,0,11
BRDA:31,2,1,9
BRDA:31,2,2,9
BRDA:34,3,0,11
BRDA:34,3,1,2
BRDA:34,3,2,2
BRDA:34,3,3,2
BRDA:43,4,0,1
BRDA:45,5,0,1
BRDA:45,5,1,0
BRDA:56,6,0,11
BRDA:56,6,1,2
BRDA:56,6,2,2
BRDA:56,6,3,0
BRDA:65,7,0,11
BRDA:65,7,1,2
BRF:20
BRH:16
end_of_record
TN:
SF:src/Context/AppContext.ts
FN:6,(anonymous_0)
FN:8,(anonymous_1)
FN:10,(anonymous_2)
FNF:3
FNH:3
FNDA:2,(anonymous_0)
FNDA:1,(anonymous_1)
FNDA:1,(anonymous_2)
DA:1,2
DA:4,2
DA:13,2
LF:3
LH:3
BRF:0
BRH:0
end_of_record
