TN:
SF:fixtures\results.ts
FNF:0
FNH:0
DA:2,4
LF:1
LH:1
BRF:0
BRH:0
end_of_record
TN:
SF:src\Components\Details\Details.tsx
FN:9,(anonymous_0)
FNF:1
FNH:1
FNDA:1,(anonymous_0)
DA:2,2
DA:9,2
DA:10,1
LF:3
LH:3
BRF:0
BRH:0
end_of_record
TN:
SF:src\Components\Search\Search.tsx
FN:18,(anonymous_1)
FN:35,(anonymous_2)
FN:44,(anonymous_3)
FN:48,(anonymous_4)
FN:55,(anonymous_5)
FN:60,(anonymous_6)
FN:64,(anonymous_7)
FN:70,(anonymous_8)
FN:80,(anonymous_9)
FN:88,(anonymous_10)
FN:92,(anonymous_11)
FN:98,(anonymous_12)
FN:110,(anonymous_13)
FN:114,(anonymous_14)
FN:125,(anonymous_15)
FN:137,(anonymous_16)
FN:145,(anonymous_17)
FN:147,(anonymous_18)
FN:160,(anonymous_19)
FN:180,(anonymous_20)
FN:181,(anonymous_21)
FN:205,(anonymous_22)
FNF:22
FNH:6
FNDA:12,(anonymous_1)
FNDA:6,(anonymous_2)
FNDA:6,(anonymous_3)
FNDA:0,(anonymous_4)
FNDA:0,(anonymous_5)
FNDA:0,(anonymous_6)
FNDA:0,(anonymous_7)
FNDA:2,(anonymous_8)
FNDA:0,(anonymous_9)
FNDA:0,(anonymous_10)
FNDA:0,(anonymous_11)
FNDA:0,(anonymous_12)
FNDA:4,(anonymous_13)
FNDA:0,(anonymous_14)
FNDA:0,(anonymous_15)
FNDA:0,(anonymous_16)
FNDA:0,(anonymous_17)
FNDA:0,(anonymous_18)
FNDA:0,(anonymous_19)
FNDA:0,(anonymous_20)
FNDA:2,(anonymous_21)
FNDA:0,(anonymous_22)
DA:1,1
DA:2,1
DA:3,1
DA:4,1
DA:5,1
DA:6,1
DA:7,1
DA:8,1
DA:10,1
DA:18,1
DA:26,12
DA:27,11
DA:28,11
DA:29,11
DA:30,11
DA:31,11
DA:33,11
DA:34,11
DA:35,11
DA:36,6
DA:37,6
DA:38,6
DA:45,6
DA:46,6
DA:49,0
DA:50,0
DA:51,0
DA:55,11
DA:56,0
DA:57,0
DA:58,0
DA:61,0
DA:62,0
DA:65,0
DA:66,0
DA:70,11
DA:71,2
DA:72,2
DA:73,2
DA:80,11
DA:81,0
DA:82,0
DA:89,0
DA:90,0
DA:93,0
DA:94,0
DA:98,11
DA:99,0
DA:100,0
DA:101,0
DA:102,0
DA:103,0
DA:110,11
DA:111,4
DA:114,11
DA:121,0
DA:122,0
DA:125,0
DA:126,0
DA:131,0
DA:134,0
DA:137,0
DA:146,0
DA:147,0
DA:160,0
DA:171,11
DA:180,0
DA:181,2
DA:205,0
LF:69
LH:36
BRDA:34,0,0,11
BRDA:34,0,1,0
BRDA:35,1,0,0
BRDA:35,2,0,0
BRDA:41,3,0,6
BRDA:41,3,1,0
BRDA:85,4,0,0
BRDA:85,4,1,0
BRDA:121,5,0,0
BRDA:121,6,0,0
BRDA:121,6,1,0
BRDA:149,7,0,0
BRDA:149,7,1,0
BRDA:191,8,0,11
BRDA:191,8,1,0
BRF:15
BRH:3
end_of_record
TN:
SF:src\Components\SearchResults\SearchResults.tsx
FN:15,(anonymous_0)
FN:29,(anonymous_1)
FN:37,(anonymous_2)
FN:42,(anonymous_3)
FN:59,(anonymous_4)
FNF:5
FNH:4
FNDA:14,(anonymous_0)
FNDA:1,(anonymous_1)
FNDA:4,(anonymous_2)
FNDA:1,(anonymous_3)
FNDA:0,(anonymous_4)
DA:2,2
DA:4,2
DA:15,2
DA:23,14
DA:25,14
DA:29,1
DA:38,4
DA:43,1
DA:44,1
DA:45,1
DA:60,0
LF:11
LH:10
BRDA:28,0,0,0
BRDA:28,0,1,14
BRDA:29,1,0,1
BRDA:29,1,1,0
BRDA:31,2,0,14
BRDA:31,2,1,12
BRDA:31,2,2,12
BRDA:34,3,0,14
BRDA:34,3,1,2
BRDA:34,3,2,2
BRDA:34,3,3,2
BRDA:43,4,0,1
BRDA:45,5,0,1
BRDA:45,5,1,0
BRDA:56,6,0,14
BRDA:56,6,1,2
BRDA:56,6,2,2
BRDA:56,6,3,0
BRDA:65,7,0,14
BRDA:65,7,1,2
BRF:20
BRH:16
end_of_record
TN:
SF:src\Components\SearchWrapper\SearchWrapper.tsx
FN:13,(anonymous_0)
FN:17,(anonymous_1)
FN:30,(anonymous_2)
FN:38,(anonymous_3)
FN:45,(anonymous_4)
FN:51,(anonymous_5)
FN:54,(anonymous_6)
FNF:7
FNH:5
FNDA:1,(anonymous_0)
FNDA:18,(anonymous_1)
FNDA:3,(anonymous_2)
FNDA:2,(anonymous_3)
FNDA:1,(anonymous_4)
FNDA:0,(anonymous_5)
FNDA:0,(anonymous_6)
DA:2,2
DA:13,2
DA:14,1
DA:17,2
DA:25,18
DA:31,3
DA:38,2
DA:45,1
DA:51,0
DA:54,0
LF:10
LH:8
BRDA:31,0,0,3
BRDA:31,0,1,0
BRF:2
BRH:1
end_of_record
TN:
SF:src\Context\AppContext.ts
FN:6,(anonymous_0)
FN:8,(anonymous_1)
FN:10,(anonymous_2)
FNF:3
FNH:3
FNDA:3,(anonymous_0)
FNDA:7,(anonymous_1)
FNDA:1,(anonymous_2)
DA:1,2
DA:4,2
DA:13,2
LF:3
LH:3
BRF:0
BRH:0
end_of_record
